Train graphs:8,Test graphs:8,hidden_nodes:0.2, k_days:15
No.of_days_used:180
GCN(
  (conv1): GCNConv(5, 16)
  (conv2): GCNConv(16, 16)
  (out): Linear(in_features=16, out_features=5, bias=True)
)
[0m 0s], Epoch: 000, Loss: 1.6058
[0m 35s], Epoch: 100, Loss: 1.2310
[1m 9s], Epoch: 200, Loss: 1.2014
[1m 43s], Epoch: 300, Loss: 1.1925
[2m 18s], Epoch: 400, Loss: 1.1854
[2m 52s], Epoch: 500, Loss: 1.1817
[3m 27s], Epoch: 600, Loss: 1.1782
Test_set:0, Test Accuracy: 0.6414,
 confusion_matrix:[[21360 10932  1517     4     0]
 [  395  4277  2636    46    15]
 [  324  5770 10152  2618    95]
 [   64  3264 20191 56578   219]
 [    0   135   772  2636     0]]
Test_set:1, Test Accuracy: 0.7359,
 confusion_matrix:[[61579  4517  3857    56     0]
 [  404  1714  3615    19    10]
 [  293  2103  9643  2357     3]
 [   83  1952 16388 33032    30]
 [    2    75   721  1547     0]]
Test_set:2, Test Accuracy: 0.7041,
 confusion_matrix:[[39235  4772  3842    91    24]
 [  612  2621  3727    26     9]
 [  338  3647  9761  1939    81]
 [   76  3051 17098 49765   306]
 [   19    65   791  2096     8]]
#####################################################################
Train graphs:8,Test graphs:8,hidden_nodes:0.5, k_days:15
No.of_days_used:180
GCN(
  (conv1): GCNConv(5, 16)
  (conv2): GCNConv(16, 16)
  (out): Linear(in_features=16, out_features=5, bias=True)
)
[0m 0s], Epoch: 000, Loss: 1.6072
[0m 34s], Epoch: 100, Loss: 1.2980
[1m 9s], Epoch: 200, Loss: 1.2710
[1m 44s], Epoch: 300, Loss: 1.2617
[2m 18s], Epoch: 400, Loss: 1.2540
[2m 53s], Epoch: 500, Loss: 1.2505
[3m 28s], Epoch: 600, Loss: 1.2486
Test_set:0, Test Accuracy: 0.6228,
 confusion_matrix:[[ 53126  28926   1381     88      9]
 [  1410  12918   5360    126     13]
 [   858  15397  25653   6124    123]
 [   161   8360  56161 132508   1536]
 [    18    393   2905   6446      0]]
Test_set:1, Test Accuracy: 0.7295,
 confusion_matrix:[[153506  18902   1988     81      9]
 [  1168   9027   5063     55      6]
 [   764  10694  21462   5019      3]
 [   203   5676  41536  78642    163]
 [    35    316   2079   3603      0]]
Test_set:2, Test Accuracy: 0.6746,
 confusion_matrix:[[ 95068  23821   1412     87      0]
 [   964  10973   5169     74     15]
 [   904  12972  23069   4979    214]
 [   430   6965  46818 113721   4424]
 [     7    289   2356   5261      8]]
#####################################################################
Train graphs:8,Test graphs:8,hidden_nodes:0.7, k_days:15
No.of_days_used:180
GCN(
  (conv1): GCNConv(5, 16)
  (conv2): GCNConv(16, 16)
  (out): Linear(in_features=16, out_features=5, bias=True)
)
[0m 0s], Epoch: 000, Loss: 1.6080
[0m 35s], Epoch: 100, Loss: 1.3153
[1m 11s], Epoch: 200, Loss: 1.2855
[1m 46s], Epoch: 300, Loss: 1.2788
[2m 21s], Epoch: 400, Loss: 1.2768
[2m 57s], Epoch: 500, Loss: 1.2741
[3m 32s], Epoch: 600, Loss: 1.2713
Test_set:0, Test Accuracy: 0.6496,
 confusion_matrix:[[ 76952  37936   2226    189     41]
 [  2144  17130   8908    215      0]
 [  1302  18230  38648  10331     26]
 [   297   9244  72991 194656    325]
 [    20    489   3230   8470      0]]
Test_set:1, Test Accuracy: 0.7347,
 confusion_matrix:[[215367  27322   1360    145      0]
 [  1622  13016   5809     92      0]
 [  1096  15913  28607   7047      0]
 [   509   8344  56533 113277     12]
 [    73    516   2473   4867      0]]
Test_set:2, Test Accuracy: 0.6888,
 confusion_matrix:[[134215  31939   1567    108      0]
 [  1600  15724   6517    111      0]
 [  1324  18182  31147   7949      3]
 [   677  10160  64923 166057     31]
 [    15    535   3377   7839      0]]
#####################################################################
Train graphs:8,Test graphs:8,hidden_nodes:0.8, k_days:15
No.of_days_used:180
GCN(
  (conv1): GCNConv(5, 16)
  (conv2): GCNConv(16, 16)
  (out): Linear(in_features=16, out_features=5, bias=True)
)
[0m 0s], Epoch: 000, Loss: 1.6086
[0m 35s], Epoch: 100, Loss: 1.3189
[1m 10s], Epoch: 200, Loss: 1.3066
[1m 45s], Epoch: 300, Loss: 1.3021
[2m 21s], Epoch: 400, Loss: 1.2995
[2m 56s], Epoch: 500, Loss: 1.2980
[3m 31s], Epoch: 600, Loss: 1.2968
Test_set:0, Test Accuracy: 0.6107,
 confusion_matrix:[[ 89416  42819   1320    100      0]
 [  2679  22583   6773    257     58]
 [  1660  27260  37874   9863   1267]
 [   443  14296  83187 201336  19937]
 [    23    691   3384   8196    578]]
Test_set:1, Test Accuracy: 0.7261,
 confusion_matrix:[[245256  32228   1883    136      0]
 [  1777  14752   7518    170      5]
 [  1117  16473  34278   7391     43]
 [   385   8022  70277 123973   1694]
 [    38    449   3013   5122      0]]
Test_set:2, Test Accuracy: 0.6859,
 confusion_matrix:[[156172  34230   1746    138     80]
 [  2122  17682   7939    222     51]
 [  1565  20472  34629   9756    754]
 [   676  10825  66614 186061  11601]
 [    28    518   3123   8440    556]]
#####################################################################
Train graphs:8,Test graphs:8,hidden_nodes:0.9, k_days:15
No.of_days_used:180
GCN(
  (conv1): GCNConv(5, 16)
  (conv2): GCNConv(16, 16)
  (out): Linear(in_features=16, out_features=5, bias=True)
)
[0m 0s], Epoch: 000, Loss: 1.6090
[0m 35s], Epoch: 100, Loss: 1.3336
[1m 11s], Epoch: 200, Loss: 1.3147
[1m 46s], Epoch: 300, Loss: 1.3120
[2m 21s], Epoch: 400, Loss: 1.3102
[2m 56s], Epoch: 500, Loss: 1.3091
[3m 32s], Epoch: 600, Loss: 1.3085
Test_set:0, Test Accuracy: 0.4029,
 confusion_matrix:[[106635  41637   2086      0    108]
 [  3821  22808   9847     14    270]
 [  2408  24595  48281   3059   8800]
 [   640  13053 104635  76212 163862]
 [    29    644   4509   2906   7141]]
Test_set:1, Test Accuracy: 0.5966,
 confusion_matrix:[[278345  34091   1287     26    116]
 [  2200  17937   6375     90     72]
 [  1524  22067  36993   2329   5081]
 [   562  11151  86743  49743  81594]
 [    82    546   3604   1842   3600]]
Test_set:2, Test Accuracy: 0.4755,
 confusion_matrix:[[183755  30687   1292     93     94]
 [  3636  19603   7522     18     76]
 [  2831  23111  41888   2336   4145]
 [   916  12629 112116  56618 130054]
 [    38    643   5374   2288   6237]]
#####################################################################
Train graphs:8,Test graphs:8,hidden_nodes:0.95, k_days:15
No.of_days_used:180
GCN(
  (conv1): GCNConv(5, 16)
  (conv2): GCNConv(16, 16)
  (out): Linear(in_features=16, out_features=5, bias=True)
)
[0m 0s], Epoch: 000, Loss: 1.6093
[0m 35s], Epoch: 100, Loss: 1.3491
[1m 10s], Epoch: 200, Loss: 1.3347
[1m 45s], Epoch: 300, Loss: 1.3302
[2m 21s], Epoch: 400, Loss: 1.3285
[2m 56s], Epoch: 500, Loss: 1.3277
[3m 31s], Epoch: 600, Loss: 1.3267
Test_set:0, Test Accuracy: 0.4523,
 confusion_matrix:[[119697  37297   1692    119    140]
 [  5905  23664   8598    263    161]
 [  3766  28394  45818   9221   4762]
 [  1168  14927 106169 114079 141895]
 [   105    835   4868   4314   6143]]
Test_set:1, Test Accuracy: 0.6610,
 confusion_matrix:[[298233  30610   2217     88     95]
 [  3502  16131   8521    243    122]
 [  2292  18178  39604   8329   2455]
 [   829   8617  81133  95997  56517]
 [   103    428   3596   3987   2173]]
Test_set:2, Test Accuracy: 0.5064,
 confusion_matrix:[[190960  34602   2324     93    184]
 [  3815  18729  10055    167     91]
 [  2791  21354  43903   6258   4941]
 [  1091  10577  92785  86199 137920]
 [    32    501   4396   3671   6561]]
#####################################################################
