Evaluation: various values of k_days
Train graphs:8,Test graphs:8,hidden_nodes:0.5, k_days:5
location:./graphs
No.of_days_used:180
GCN(
  (conv1): GCNConv(5, 64)
  (conv2): GCNConv(64, 64)
  (out): Linear(in_features=64, out_features=5, bias=True)
)
[0m 0s], Epoch: 000, Loss: 1.6087
[1m 10s], Epoch: 100, Loss: 1.2240
[2m 21s], Epoch: 200, Loss: 1.2035
[3m 34s], Epoch: 300, Loss: 1.1955
[4m 46s], Epoch: 400, Loss: 1.1900
[5m 58s], Epoch: 500, Loss: 1.1845
[7m 10s], Epoch: 600, Loss: 1.1807
[8m 23s], Epoch: 700, Loss: 1.1782
[9m 35s], Epoch: 800, Loss: 1.1764
[10m 48s], Epoch: 900, Loss: 1.1751
Test_set:0, Test Accuracy: 0.7588,
 confusion_matrix:[[143935  16298   1424    131      0]
 [  1505  10190   3011    161      0]
 [   826  12400  15102   6488      1]
 [   426   7951  29572 103924     77]
 [     0    389   1309   4880      0]]
Accuracy_infected = 0.4337536261021915
Precision_infected = 0.2995358800428418

Test_set:1, Test Accuracy: 0.6857,
 confusion_matrix:[[ 61722  22238   1395    100      0]
 [  1887  13320   3905    270      0]
 [  1306  17421  19585  11353      0]
 [   314   9054  35307 152216      0]
 [    14    477   1574   6542      0]]
Accuracy_infected = 0.3943420920165106
Precision_infected = 0.3170838325292232

Test_set:2, Test Accuracy: 0.6812,
 confusion_matrix:[[ 63519  22498   1407    120      0]
 [  2006  12089   4721    444      0]
 [  1391  16200  20942  10715      0]
 [   448   8823  38074 148668      0]
 [    22    397   1428   6088      0]]
Accuracy_infected = 0.425235542560104
Precision_infected = 0.3145766989124557

#####################################################################
Train graphs:8,Test graphs:8,hidden_nodes:0.5, k_days:15
location:./graphs
No.of_days_used:180
GCN(
  (conv1): GCNConv(5, 64)
  (conv2): GCNConv(64, 64)
  (out): Linear(in_features=64, out_features=5, bias=True)
)
[0m 0s], Epoch: 000, Loss: 1.6085
[1m 11s], Epoch: 100, Loss: 1.2345
[2m 24s], Epoch: 200, Loss: 1.2196
[3m 36s], Epoch: 300, Loss: 1.2136
[4m 49s], Epoch: 400, Loss: 1.2097
[6m 2s], Epoch: 500, Loss: 1.2060
[7m 14s], Epoch: 600, Loss: 1.2020
[8m 26s], Epoch: 700, Loss: 1.1982
[9m 39s], Epoch: 800, Loss: 1.1960
[10m 51s], Epoch: 900, Loss: 1.1942
Test_set:0, Test Accuracy: 0.7516,
 confusion_matrix:[[142593  17832   1483    121      0]
 [  1395   8834   4453    230      0]
 [   780  10584  17593   6938     16]
 [   324   6531  31765 101453    632]
 [     1    349   1336   4671     86]]
Accuracy_infected = 0.4899055999554454
Precision_infected = 0.31066572488080524

Test_set:1, Test Accuracy: 0.6867,
 confusion_matrix:[[ 61611  21538   2320    108      0]
 [  1858  10945   6695    327      0]
 [  1216  12463  24047  12271      0]
 [   352   7222  38436 150594      0]
 [     7    304   1562   6124      0]]
Accuracy_infected = 0.4809688581314879
Precision_infected = 0.32914043252121544

Test_set:2, Test Accuracy: 0.6906,
 confusion_matrix:[[ 63759  20937   2809    278      0]
 [  1945  10917   6143    570      0]
 [  1239  13993  22587  12986      0]
 [   404   7612  34434 151352      0]
 [    21    253   1290   6471      0]]
Accuracy_infected = 0.44458222615884263
Precision_infected = 0.3358012577494313

#####################################################################
Train graphs:8,Test graphs:8,hidden_nodes:0.5, k_days:30
location:./graphs
No.of_days_used:180
GCN(
  (conv1): GCNConv(5, 64)
  (conv2): GCNConv(64, 64)
  (out): Linear(in_features=64, out_features=5, bias=True)
)
[0m 0s], Epoch: 000, Loss: 1.6084
[1m 12s], Epoch: 100, Loss: 1.2582
[2m 24s], Epoch: 200, Loss: 1.2474
[3m 36s], Epoch: 300, Loss: 1.2433
[4m 49s], Epoch: 400, Loss: 1.2389
[6m 1s], Epoch: 500, Loss: 1.2356
[7m 13s], Epoch: 600, Loss: 1.2322
[8m 25s], Epoch: 700, Loss: 1.2299
[9m 38s], Epoch: 800, Loss: 1.2281
[10m 50s], Epoch: 900, Loss: 1.2267
Test_set:0, Test Accuracy: 0.7360,
 confusion_matrix:[[138783  22372    494    138      2]
 [  1004  10593   2912    146     20]
 [   667  13386  15456   6366    209]
 [   224   8461  30696 100007   1722]
 [     0    265   1262   4711    104]]
Accuracy_infected = 0.42833388759561025
Precision_infected = 0.30413223140495865

Test_set:1, Test Accuracy: 0.6736,
 confusion_matrix:[[ 57435  26474    958    111      0]
 [  1516  13903   4089    219      1]
 [  1064  17267  20071  10916     89]
 [   244   9642  35895 151003    867]
 [    13    407   1513   6232     71]]
Accuracy_infected = 0.40623798247211934
Precision_infected = 0.32100246297540225

Test_set:2, Test Accuracy: 0.6738,
 confusion_matrix:[[ 60012  24426   2769    147      6]
 [  1652  12060   5470    193      5]
 [   914  13982  23874  10000    155]
 [   318   7258  42845 146603    744]
 [     0    166   1178   5207     16]]
Accuracy_infected = 0.48797138477261115
Precision_infected = 0.31357045287380475

#####################################################################
Train graphs:8,Test graphs:8,hidden_nodes:0.5, k_days:45
location:./graphs
No.of_days_used:180
GCN(
  (conv1): GCNConv(5, 64)
  (conv2): GCNConv(64, 64)
  (out): Linear(in_features=64, out_features=5, bias=True)
)
[0m 0s], Epoch: 000, Loss: 1.6084
[1m 11s], Epoch: 100, Loss: 1.2455
[2m 24s], Epoch: 200, Loss: 1.2317
[3m 36s], Epoch: 300, Loss: 1.2267
[4m 48s], Epoch: 400, Loss: 1.2226
[6m 0s], Epoch: 500, Loss: 1.2196
[7m 13s], Epoch: 600, Loss: 1.2167
[8m 25s], Epoch: 700, Loss: 1.2149
[9m 37s], Epoch: 800, Loss: 1.2133
[10m 49s], Epoch: 900, Loss: 1.2121
Test_set:0, Test Accuracy: 0.7327,
 confusion_matrix:[[142209  18216    700      0      3]
 [  1523   9658   3863    116     54]
 [   874  10799  17409   4749    978]
 [   340   6413  35738  94315   6421]
 [     1    181   1457   3799    184]]
Accuracy_infected = 0.5001292769111436
Precision_infected = 0.2942349620565518

Test_set:1, Test Accuracy: 0.6700,
 confusion_matrix:[[ 59488  22118   3094     18      0]
 [  1766  10815   7655    218      0]
 [  1208  10551  26446   9061      6]
 [   340   5585  47726 144458     48]
 [    13    294   2345   6747      0]]
Accuracy_infected = 0.5594432222034185
Precision_infected = 0.30305044347168425

Test_set:2, Test Accuracy: 0.6707,
 confusion_matrix:[[ 62747  21452   2893    134      0]
 [  1838  10858   6674    382      4]
 [  1210  13454  24871  11195    156]
 [   411   7490  43381 142916    905]
 [    18    296   1509   5155     51]]
Accuracy_infected = 0.48875918720276695
Precision_infected = 0.31352107704719645

#####################################################################
Train graphs:8,Test graphs:8,hidden_nodes:0.5, k_days:60
location:./graphs
No.of_days_used:180
GCN(
  (conv1): GCNConv(5, 64)
  (conv2): GCNConv(64, 64)
  (out): Linear(in_features=64, out_features=5, bias=True)
)
[0m 0s], Epoch: 000, Loss: 1.6085
[1m 11s], Epoch: 100, Loss: 1.2665
[2m 23s], Epoch: 200, Loss: 1.2522
[3m 35s], Epoch: 300, Loss: 1.2446
[4m 47s], Epoch: 400, Loss: 1.2375
[6m 0s], Epoch: 500, Loss: 1.2338
[7m 12s], Epoch: 600, Loss: 1.2311
[8m 24s], Epoch: 700, Loss: 1.2293
[9m 36s], Epoch: 800, Loss: 1.2281
[10m 48s], Epoch: 900, Loss: 1.2266
Test_set:0, Test Accuracy: 0.7539,
 confusion_matrix:[[140727  20041    705    106     19]
 [  1217  10294   3490    243     29]
 [   730  11675  16515   7536     41]
 [   284   6788  29452 103882    168]
 [     0    202   1149   4705      2]]
Accuracy_infected = 0.452502945447571
Precision_infected = 0.32186080957299606

Test_set:1, Test Accuracy: 0.6860,
 confusion_matrix:[[ 58093  25673   2005    104      0]
 [  1362  12622   6141    278      0]
 [   871  13106  22368  11597      3]
 [   191   5980  36862 153855     16]
 [    14    314   1904   6605     36]]
Accuracy_infected = 0.46653457086244654
Precision_infected = 0.3228637413394919

Test_set:2, Test Accuracy: 0.6780,
 confusion_matrix:[[ 61431  24093   1412    149      0]
 [  1723  11805   5913    440      0]
 [  1159  13551  24061  10157     30]
 [   399   8161  40943 146775    115]
 [    28    412   1502   5741      0]]
Accuracy_infected = 0.491462069528984
Precision_infected = 0.32589291760913436

#####################################################################
