Evaluation: various hidden nodes and 365 days
Train graphs:8,Test graphs:8,hidden_nodes:0.2, k_days:15
location of graphs:./graphs
No.of_days_used:365
GCN(
  (conv1): GCNConv(5, 32)
  (conv2): GCNConv(32, 32)
  (out): Linear(in_features=32, out_features=5, bias=True)
)
[0m 1s], Epoch: 000, Loss: 1.6023
[1m 31s], Epoch: 100, Loss: 1.1394
[3m 1s], Epoch: 200, Loss: 1.1227
[4m 33s], Epoch: 300, Loss: 1.1141
[6m 4s], Epoch: 400, Loss: 1.1073
[7m 35s], Epoch: 500, Loss: 1.1025
[9m 5s], Epoch: 600, Loss: 1.0997
[10m 37s], Epoch: 700, Loss: 1.0977
[12m 8s], Epoch: 800, Loss: 1.0964
[13m 39s], Epoch: 900, Loss: 1.0954
Test_set:0, Test Accuracy: 0.8303,
 confusion_matrix:[[ 91625   9154   1303      0      0]
 [   332   3509   1902      1      0]
 [   158   4442   8270   1170    264]
 [    46   3004  20762 139047   1380]
 [     3    107    614   4907      0]]
Accuracy_infected = 0.5781599552572707
Precision_infected = 0.25174271711667834
F1_score_infected = 0.35075813805534933
Test_set:1, Test Accuracy: 0.7865,
 confusion_matrix:[[ 21792   9086   3101    264      0]
 [   354   3947   3756      9      0]
 [   292   5040  12289   1946      0]
 [    56   3553  27903 191624      2]
 [    14    126    882   5964      0]]
Accuracy_infected = 0.6280472223641846
Precision_infected = 0.2563893930858943
F1_score_infected = 0.36412930753503814
Test_set:2, Test Accuracy: 0.7838,
 confusion_matrix:[[ 22389   9120   3157    247      3]
 [   412   3449   3825     32      7]
 [   307   3964  14257   3028      0]
 [   143   2465  27022 188788      0]
 [    11    130    820   8424      0]]
Accuracy_infected = 0.6613935795138245
Precision_infected = 0.2904790040952711
F1_score_infected = 0.4036694650112548
Test_set:3, Test Accuracy: 0.7843,
 confusion_matrix:[[ 22114   8200   3437     26     14]
 [   513   3044   4222     22      2]
 [   363   3897  13754   2281     41]
 [   101   2367  27838 190109    576]
 [     0     76   1224   7779      0]]
Accuracy_infected = 0.6763375295043274
Precision_infected = 0.2724913323427439
F1_score_infected = 0.3884707178263264
#####################################################################
Train graphs:8,Test graphs:8,hidden_nodes:0.5, k_days:15
location of graphs:./graphs
No.of_days_used:365
GCN(
  (conv1): GCNConv(5, 32)
  (conv2): GCNConv(32, 32)
  (out): Linear(in_features=32, out_features=5, bias=True)
)
[0m 0s], Epoch: 000, Loss: 1.6049
[1m 30s], Epoch: 100, Loss: 1.2031
[3m 1s], Epoch: 200, Loss: 1.1918
[4m 32s], Epoch: 300, Loss: 1.1852
[6m 3s], Epoch: 400, Loss: 1.1820
[7m 33s], Epoch: 500, Loss: 1.1792
[9m 5s], Epoch: 600, Loss: 1.1772
[10m 36s], Epoch: 700, Loss: 1.1761
[12m 8s], Epoch: 800, Loss: 1.1748
[13m 38s], Epoch: 900, Loss: 1.1739
Test_set:0, Test Accuracy: 0.8095,
 confusion_matrix:[[228220  25784    657    245      0]
 [   786  10535   3839     14     14]
 [   446  12098  19954   4542    326]
 [   143   7006  46318 331310  20560]
 [     0    249   1951  14068    935]]
Accuracy_infected = 0.5340148798372852
Precision_infected = 0.2743987128535871
F1_score_infected = 0.3625198710087659
Test_set:1, Test Accuracy: 0.7771,
 confusion_matrix:[[ 53155  30787   1530    264      5]
 [   970  13370   5648     59      0]
 [   655  15880  27245   6168     32]
 [   222   7983  67630 473491    815]
 [     0    372   3235  20484      0]]
Accuracy_infected = 0.5451180472188876
Precision_infected = 0.25876643112225517
F1_score_infected = 0.35094159775356165
Test_set:2, Test Accuracy: 0.7498,
 confusion_matrix:[[ 56423  29157   1937      0      0]
 [  1205  11725   6805     90      0]
 [   780  13102  30753   5990    165]
 [   212   6598  69934 447210  25594]
 [    17    222   2629  18196   1256]]
Accuracy_infected = 0.6054932073242765
Precision_infected = 0.2744382373413768
F1_score_infected = 0.37768962468068384
Test_set:3, Test Accuracy: 0.7842,
 confusion_matrix:[[ 52786  29652   2992    805     22]
 [   820  11585   7049     39      0]
 [   618  12505  32203   6748    114]
 [   127   6461  65160 475738   3583]
 [    31    352   2745  17729    136]]
Accuracy_infected = 0.6170575611251629
Precision_infected = 0.29235853253320504
F1_score_infected = 0.3967425787097211
#####################################################################
Train graphs:8,Test graphs:8,hidden_nodes:0.8, k_days:15
location of graphs:./graphs
No.of_days_used:365
GCN(
  (conv1): GCNConv(5, 32)
  (conv2): GCNConv(32, 32)
  (out): Linear(in_features=32, out_features=5, bias=True)
)
[0m 0s], Epoch: 000, Loss: 1.6075
[1m 30s], Epoch: 100, Loss: 1.2503
[3m 1s], Epoch: 200, Loss: 1.2427
[4m 33s], Epoch: 300, Loss: 1.2373
[6m 4s], Epoch: 400, Loss: 1.2335
[7m 34s], Epoch: 500, Loss: 1.2321
[9m 4s], Epoch: 600, Loss: 1.2306
[10m 34s], Epoch: 700, Loss: 1.2297
[12m 4s], Epoch: 800, Loss: 1.2288
[13m 34s], Epoch: 900, Loss: 1.2281
Test_set:0, Test Accuracy: 0.6138,
 confusion_matrix:[[364762  40257   1455    166     98]
 [  1354  16333   6694      0      3]
 [   787  17437  34672   2192   2588]
 [   241   9269  91699 287761 260180]
 [     3    427   4138  12087  13397]]
Accuracy_infected = 0.6011512587558083
Precision_infected = 0.25005408991908146
F1_score_infected = 0.35319404687929745
Test_set:1, Test Accuracy: 0.4869,
 confusion_matrix:[[ 79660  54820   1751    510      0]
 [  1479  21140   9100     17      0]
 [  1023  23106  47551   4156   4041]
 [   194  10910 122458 408952 342770]
 [     8    450   5051  17514  11339]]
Accuracy_infected = 0.5953027780212076
Precision_infected = 0.2557729236032295
F1_score_infected = 0.3578114888557798
Test_set:2, Test Accuracy: 0.5298,
 confusion_matrix:[[ 86403  51270   2249    472      6]
 [  1598  20486   9772     21     41]
 [  1099  22493  48711   4416   3364]
 [   386  10777 127912 448662 291366]
 [    13    383   4938  16662  14500]]
Accuracy_infected = 0.6082564339497771
Precision_infected = 0.2516298002913494
F1_score_infected = 0.3559899877587561
Test_set:3, Test Accuracy: 0.5590,
 confusion_matrix:[[ 84794  48380   2319    761      4]
 [  1525  19547   9919     25     40]
 [   998  20710  50974   4651   3013]
 [   271   9826 117728 487659 266666]
 [    48    601   5323  22303   9915]]
Accuracy_infected = 0.6344310855549747
Precision_infected = 0.2736668044646548
F1_score_infected = 0.38238769133825196
#####################################################################
Train graphs:8,Test graphs:8,hidden_nodes:0.9, k_days:15
location of graphs:./graphs
No.of_days_used:365
GCN(
  (conv1): GCNConv(5, 32)
  (conv2): GCNConv(32, 32)
  (out): Linear(in_features=32, out_features=5, bias=True)
)
[0m 0s], Epoch: 000, Loss: 1.6084
[1m 30s], Epoch: 100, Loss: 1.2624
[3m 1s], Epoch: 200, Loss: 1.2576
[4m 31s], Epoch: 300, Loss: 1.2552
[6m 1s], Epoch: 400, Loss: 1.2532
[7m 32s], Epoch: 500, Loss: 1.2520
[9m 2s], Epoch: 600, Loss: 1.2512
[10m 32s], Epoch: 700, Loss: 1.2506
[12m 2s], Epoch: 800, Loss: 1.2503
[13m 32s], Epoch: 900, Loss: 1.2498
Test_set:0, Test Accuracy: 0.6404,
 confusion_matrix:[[412712  43510   1127    281    239]
 [  1772  19218   6179      0      9]
 [  1038  21538  38247   2089   2504]
 [   281  13032 117481 358721 238902]
 [     0    557   5580  16411  12572]]
Accuracy_infected = 0.5846734743793567
Precision_infected = 0.22683169843547984
F1_score_infected = 0.3268555313421356
Test_set:1, Test Accuracy: 0.4770,
 confusion_matrix:[[ 95842  56274    921    256      0]
 [  1994  26928   7010      3     15]
 [  1337  32769  47706   4119   3808]
 [   279  18029 150202 442611 384523]
 [    12    769   6165  18697  13731]]
Accuracy_infected = 0.5316083308260623
Precision_infected = 0.22502405614988397
F1_score_infected = 0.3162028613754089
Test_set:2, Test Accuracy: 0.4367,
 confusion_matrix:[[105791  50434   1470    235    253]
 [  2788  24866   7774     10     38]
 [  1764  30579  50433   4021   3559]
 [   478  17139 163637 375547 435377]
 [    24    563   5781  14193  17246]]
Accuracy_infected = 0.5581588383726592
Precision_infected = 0.2201401165455379
F1_score_infected = 0.3157479550854435
Test_set:3, Test Accuracy: 0.5260,
 confusion_matrix:[[104455  46433   1363    241    437]
 [  2574  25251   6780      7     12]
 [  1691  32833  48319   4897   2011]
 [   512  18222 152951 500989 322351]
 [    50    892   6671  21915  12143]]
Accuracy_infected = 0.5383672605319161
Precision_infected = 0.22361211380759335
F1_score_infected = 0.315980839341475
#####################################################################
Train graphs:8,Test graphs:8,hidden_nodes:0.95, k_days:15
location of graphs:./graphs
No.of_days_used:365
GCN(
  (conv1): GCNConv(5, 32)
  (conv2): GCNConv(32, 32)
  (out): Linear(in_features=32, out_features=5, bias=True)
)
[0m 0s], Epoch: 000, Loss: 1.6090
[1m 30s], Epoch: 100, Loss: 1.2764
[3m 0s], Epoch: 200, Loss: 1.2695
[4m 31s], Epoch: 300, Loss: 1.2659
[6m 2s], Epoch: 400, Loss: 1.2642
[7m 32s], Epoch: 500, Loss: 1.2634
[9m 2s], Epoch: 600, Loss: 1.2627
[10m 32s], Epoch: 700, Loss: 1.2622
[12m 2s], Epoch: 800, Loss: 1.2613
[13m 32s], Epoch: 900, Loss: 1.2608
Test_set:0, Test Accuracy: 0.5701,
 confusion_matrix:[[447185  34297   1439    262    264]
 [  2939  18213   7487     15     26]
 [  1701  20892  38651   2557   5397]
 [   604  11859 102549 267652 387828]
 [     4    546   4675  10947  19011]]
Accuracy_infected = 0.5585566056822452
Precision_infected = 0.24968184960045478
F1_score_infected = 0.3450997549096201
Test_set:1, Test Accuracy: 0.3896,
 confusion_matrix:[[116127  43732   1558      0    518]
 [  3883  24410   9779     17    122]
 [  2613  28763  51079   4217   8029]
 [   697  14772 133686 322091 578555]
 [    23    642   5302   9683  26702]]
Accuracy_infected = 0.5393712843581377
Precision_infected = 0.25361462533018214
F1_score_infected = 0.345005994495196
Test_set:2, Test Accuracy: 0.4588,
 confusion_matrix:[[123590  40446   2280    248    215]
 [  4718  23451   9491     32     86]
 [  3080  29042  51597   5047   7030]
 [  1017  15552 139001 421140 469523]
 [    48    586   4881  18264  16635]]
Accuracy_infected = 0.5386133032694476
Precision_infected = 0.24896019300361882
F1_score_infected = 0.34052256093134375
Test_set:3, Test Accuracy: 0.4001,
 confusion_matrix:[[117519  41077   2189     55    782]
 [  3611  23107   9930    112    142]
 [  2593  27076  53714   4661   7362]
 [   783  14066 128267 337652 569095]
 [    90    710   5543  13886  22978]]
Accuracy_infected = 0.563004423201895
Precision_infected = 0.2690502547046478
F1_score_infected = 0.36410223386623913
#####################################################################
