Evaluation: scale weights: [0.7, 0.8, 1, 1.1, 1.2]
Train graphs:8,Test graphs:8,hidden_nodes:0.5, k_days:15
location of graphs:./graphs, weight_scale= 0.7
No.of_days_used:365
GCN(
  (conv1): GCNConv(5, 32)
  (conv2): GCNConv(32, 32)
  (out): Linear(in_features=32, out_features=5, bias=True)
)
[0m 2s], Epoch: 000, Loss: 1.6038,tot_acc=0.8635986301369863, F1_inf:0.0030491185275529436
[1m 32s], Epoch: 100, Loss: 1.1706,tot_acc=0.8233931506849315, F1_inf:0.36374076633349234
[3m 2s], Epoch: 200, Loss: 1.1586,tot_acc=0.8394191780821918, F1_inf:0.36027039340939304
[4m 33s], Epoch: 300, Loss: 1.1548,tot_acc=0.8420438356164384, F1_inf:0.35470041754624165
[6m 4s], Epoch: 400, Loss: 1.1517,tot_acc=0.8445712328767123, F1_inf:0.3506104151198744
[7m 34s], Epoch: 500, Loss: 1.1496,tot_acc=0.8446205479452055, F1_inf:0.350668148327995
[9m 5s], Epoch: 600, Loss: 1.1473,tot_acc=0.8452219178082192, F1_inf:0.3469639943024781
Test_set:0, Test Accuracy: 0.8398,
 confusion_matrix:[[233345  19733    254    272      0]
 [  1389  11765   1952     19      0]
 [   796  15918  15729   4215      0]
 [   299  10344  41700 352231     99]
 [     0    348   1950  17642      0]]
Accuracy_infected = 0.4290741447978613
Precision_infected = 0.2554031014045628
F1_score_infected = 0.32020601976731167
Test_set:1, Test Accuracy: 0.7927,
 confusion_matrix:[[ 59097  24687   1112    257      0]
 [  1488  14741   3761     41      0]
 [  1068  19797  22649   7467      0]
 [   302  11965  56603 482197      0]
 [     2    532   2219  20015      0]]
Accuracy_infected = 0.44426354916537536
Precision_infected = 0.2623112202353377
F1_score_infected = 0.329859821591116
Test_set:2, Test Accuracy: 0.7989,
 confusion_matrix:[[ 62164  24286    927      4      0]
 [  1701  14111   4156    148      0]
 [  1136  17797  24516   7785      0]
 [   346  10516  56931 482417      0]
 [    14    287   2057  18701      0]]
Accuracy_infected = 0.47851036421126597
Precision_infected = 0.27674489484913134
F1_score_infected = 0.3506769369408029
Test_set:3, Test Accuracy: 0.7985,
 confusion_matrix:[[ 60164  22480   1562    273      0]
 [  1674  13721   3915    102      0]
 [  1068  17687  26064   6145      0]
 [   268   9877  56993 482991      0]
 [    33    610   2703  21670      0]]
Accuracy_infected = 0.5114198257593595
Precision_infected = 0.28567357541348354
F1_score_infected = 0.36657970056469363
#####################################################################
Train graphs:8,Test graphs:8,hidden_nodes:0.5, k_days:15
location of graphs:./graphs, weight_scale= 0.8
No.of_days_used:365
GCN(
  (conv1): GCNConv(5, 32)
  (conv2): GCNConv(32, 32)
  (out): Linear(in_features=32, out_features=5, bias=True)
)
[0m 2s], Epoch: 000, Loss: 1.6042,tot_acc=0.8546917808219178, F1_inf:0.00485940485940486
[1m 36s], Epoch: 100, Loss: 1.1970,tot_acc=0.809295890410959, F1_inf:0.3637958091018185
[3m 11s], Epoch: 200, Loss: 1.1850,tot_acc=0.8241780821917808, F1_inf:0.35918885814090634
[4m 45s], Epoch: 300, Loss: 1.1787,tot_acc=0.8246191780821918, F1_inf:0.34954764529560217
[6m 20s], Epoch: 400, Loss: 1.1759,tot_acc=0.8224643835616439, F1_inf:0.34633794983542887
[7m 54s], Epoch: 500, Loss: 1.1738,tot_acc=0.822509589041096, F1_inf:0.3430290324050863
[9m 28s], Epoch: 600, Loss: 1.1719,tot_acc=0.8220931506849315, F1_inf:0.3428374255411884
Test_set:0, Test Accuracy: 0.8402,
 confusion_matrix:[[233732  19703    405    273      0]
 [  1484  10940   2819     17      0]
 [   798  14321  17925   4249      4]
 [   262   9529  45393 350515    767]
 [     0    356   1811  14456    241]]
Accuracy_infected = 0.48060165696972945
Precision_infected = 0.26224159875938147
F1_score_infected = 0.33932796971131096
Test_set:1, Test Accuracy: 0.7898,
 confusion_matrix:[[ 58632  24357   1823    265      0]
 [  1595  14137   4513     26      0]
 [  1169  18054  25076   5341     26]
 [   276  10431  63797 478742    968]
 [    22    475   2446  17829      0]]
Accuracy_infected = 0.5048926831232634
Precision_infected = 0.2567815268035431
F1_score_infected = 0.3404266873018782
Test_set:2, Test Accuracy: 0.7856,
 confusion_matrix:[[ 59821  26860   1248    498      0]
 [  1285  13712   4025     67      0]
 [   874  18838  24758   7169      0]
 [   283  10395  63014 474946   3184]
 [     7    335   2052  16400    229]]
Accuracy_infected = 0.479443831212843
Precision_infected = 0.2603447006740486
F1_score_infected = 0.3374495692945153
Test_set:3, Test Accuracy: 0.7933,
 confusion_matrix:[[ 59788  22832   1968    513      0]
 [  1496  12937   5106     24      0]
 [   923  16061  28877   5336     50]
 [   158   8526  62661 477235   2249]
 [     0    407   2738  19860    255]]
Accuracy_infected = 0.563486643120573
Precision_infected = 0.28492353231376416
F1_score_infected = 0.37847401980379686
#####################################################################
Train graphs:8,Test graphs:8,hidden_nodes:0.5, k_days:15
location of graphs:./graphs, weight_scale= 1
No.of_days_used:365
GCN(
  (conv1): GCNConv(5, 32)
  (conv2): GCNConv(32, 32)
  (out): Linear(in_features=32, out_features=5, bias=True)
)
[0m 2s], Epoch: 000, Loss: 1.6047,tot_acc=0.8702561643835617, F1_inf:0.17826734147067577
[1m 32s], Epoch: 100, Loss: 1.1814,tot_acc=0.824686301369863, F1_inf:0.36774018761217786
[3m 2s], Epoch: 200, Loss: 1.1716,tot_acc=0.8289863013698631, F1_inf:0.36723442290182184
[4m 33s], Epoch: 300, Loss: 1.1627,tot_acc=0.8259383561643836, F1_inf:0.35071184747314965
[6m 3s], Epoch: 400, Loss: 1.1566,tot_acc=0.8295246575342465, F1_inf:0.3536718595428778
[7m 34s], Epoch: 500, Loss: 1.1542,tot_acc=0.835382191780822, F1_inf:0.36150747471130606
[9m 5s], Epoch: 600, Loss: 1.1523,tot_acc=0.8368876712328767, F1_inf:0.3617481057324957
Test_set:0, Test Accuracy: 0.8330,
 confusion_matrix:[[230085  23801    685    274      0]
 [   951  10383   3845     10      0]
 [   546  12109  19863   4276      0]
 [   148   6638  49078 347735     50]
 [     3    260   2348  16912      0]]
Accuracy_infected = 0.5398434527368593
Precision_infected = 0.26197918727495745
F1_score_infected = 0.3527656664861073
Test_set:1, Test Accuracy: 0.7835,
 confusion_matrix:[[ 57064  24600   3793    259      0]
 [  1298  12137   6591      0      0]
 [   758  14073  28607   5492     19]
 [   240   7906  70846 474168    442]
 [     8    274   2695  18730      0]]
Accuracy_infected = 0.584424605201332
Precision_infected = 0.25421213521487224
F1_score_infected = 0.35430793715669334
Test_set:2, Test Accuracy: 0.7854,
 confusion_matrix:[[ 59136  24267   4096    494      0]
 [  1362  11051   7199     69      0]
 [   799  12601  29843   6582      0]
 [   297   7124  70660 473056    446]
 [    13    215   2428  18039    223]]
Accuracy_infected = 0.5989563472152534
Precision_infected = 0.2612627597919913
F1_score_infected = 0.36382588341430405
Test_set:3, Test Accuracy: 0.7910,
 confusion_matrix:[[ 56116  26323   2610    255      0]
 [  1124  11416   6962     42      0]
 [   891  12707  31196   5458      0]
 [   214   6531  70253 478703    286]
 [    40    316   2612  15945      0]]
Accuracy_infected = 0.6207912122900581
Precision_infected = 0.2745329261746148
F1_score_infected = 0.3807059828538304
#####################################################################
Train graphs:8,Test graphs:8,hidden_nodes:0.5, k_days:15
location of graphs:./graphs, weight_scale= 1.1
No.of_days_used:365
GCN(
  (conv1): GCNConv(5, 32)
  (conv2): GCNConv(32, 32)
  (out): Linear(in_features=32, out_features=5, bias=True)
)
[0m 2s], Epoch: 000, Loss: 1.6047,tot_acc=0.8603465753424657, F1_inf:0.2899376356769101
[1m 32s], Epoch: 100, Loss: 1.1859,tot_acc=0.8152095890410959, F1_inf:0.3506753797958702
[3m 2s], Epoch: 200, Loss: 1.1769,tot_acc=0.8151424657534246, F1_inf:0.3489451195086126
[4m 32s], Epoch: 300, Loss: 1.1703,tot_acc=0.8122849315068493, F1_inf:0.33830355309098376
[6m 3s], Epoch: 400, Loss: 1.1670,tot_acc=0.8125178082191781, F1_inf:0.3376612602148753
[7m 33s], Epoch: 500, Loss: 1.1641,tot_acc=0.8151383561643836, F1_inf:0.34162920732375834
[9m 3s], Epoch: 600, Loss: 1.1617,tot_acc=0.8175095890410959, F1_inf:0.34547589040622895
Test_set:0, Test Accuracy: 0.8282,
 confusion_matrix:[[228506  24963    786    271      0]
 [   892  11390   3287     22      0]
 [   476  14248  17992   4787     12]
 [   176   9372  43685 346688    703]
 [     1    497   2254  18992      0]]
Accuracy_infected = 0.4795948287351726
Precision_infected = 0.2645726721957532
F1_score_infected = 0.341019152948758
Test_set:1, Test Accuracy: 0.7792,
 confusion_matrix:[[ 53734  30139   1132      0      0]
 [  1047  14556   4500     28      0]
 [   748  17494  26112   6715     46]
 [   167  10072  66605 474379    596]
 [     8    331   2712  18879      0]]
Accuracy_infected = 0.5108480876455053
Precision_infected = 0.25837860302193727
F1_score_infected = 0.3431815792240564
Test_set:2, Test Accuracy: 0.7802,
 confusion_matrix:[[ 56867  28025   2822    486      0]
 [  1247  12189   6974     54      0]
 [   811  14124  29235   5838      0]
 [   198   7369  71148 471285    641]
 [     0    236   2479  17972      0]]
Accuracy_infected = 0.5846064629659254
Precision_infected = 0.25950221022918923
F1_score_infected = 0.3594481944598134
Test_set:3, Test Accuracy: 0.7811,
 confusion_matrix:[[ 54936  28026   1795    277     29]
 [  1082  12846   5655     93     25]
 [   732  15016  28648   5541    305]
 [   234   7878  67034 473546   6827]
 [     0    216   2263  16744    252]]
Accuracy_infected = 0.5702002308825286
Precision_infected = 0.2718155510223445
F1_score_infected = 0.3681386816759511
#####################################################################
Train graphs:8,Test graphs:8,hidden_nodes:0.5, k_days:15
location of graphs:./graphs, weight_scale= 1.2
No.of_days_used:365
GCN(
  (conv1): GCNConv(5, 32)
  (conv2): GCNConv(32, 32)
  (out): Linear(in_features=32, out_features=5, bias=True)
)
[0m 2s], Epoch: 000, Loss: 1.6047,tot_acc=0.8525342465753425, F1_inf:0.28179468788779216
[1m 32s], Epoch: 100, Loss: 1.1909,tot_acc=0.814686301369863, F1_inf:0.34455663117940355
[3m 2s], Epoch: 200, Loss: 1.1821,tot_acc=0.8134958904109589, F1_inf:0.3442227370750126
[4m 33s], Epoch: 300, Loss: 1.1747,tot_acc=0.8102273972602739, F1_inf:0.3311424503028889
[6m 3s], Epoch: 400, Loss: 1.1714,tot_acc=0.8112698630136986, F1_inf:0.32968568868133946
[7m 33s], Epoch: 500, Loss: 1.1696,tot_acc=0.8134493150684932, F1_inf:0.3308505022915218
[9m 4s], Epoch: 600, Loss: 1.1671,tot_acc=0.8182027397260274, F1_inf:0.33986313891997644
Test_set:0, Test Accuracy: 0.8200,
 confusion_matrix:[[226028  28367    609      0      0]
 [   675  10920   3861      5      0]
 [   436  12430  20246   3986     11]
 [   121   7325  51038 341136   4041]
 [     0    301   2298  15920    246]]
Accuracy_infected = 0.5455819343016519
Precision_infected = 0.25939117511402654
F1_score_infected = 0.3516120908988286
Test_set:1, Test Accuracy: 0.7698,
 confusion_matrix:[[ 51695  31060   2265    515      0]
 [   896  13589   5214      9      0]
 [   677  16830  26840   4625     21]
 [   158   9890  74835 469847    540]
 [     0    361   2814  17319      0]]
Accuracy_infected = 0.5478333639499521
Precision_infected = 0.2397113460988854
F1_score_infected = 0.3334969340399227
Test_set:2, Test Accuracy: 0.7719,
 confusion_matrix:[[ 55057  28640   4084      5      0]
 [  1074  12290   6929     75      0]
 [   571  14128  30029   5447     39]
 [   169   7807  74263 466123   2543]
 [    12    318   2580  17817      0]]
Accuracy_infected = 0.5980204723782212
Precision_infected = 0.254731305933749
F1_score_infected = 0.35727755667791
Test_set:3, Test Accuracy: 0.7554,
 confusion_matrix:[[ 53536  29307   1589    509      4]
 [   974  12859   5799     38     20]
 [   703  15025  29026   4593    495]
 [   188   7696  74605 455305  17874]
 [    33    341   2734  16026    721]]
Accuracy_infected = 0.5823602584165964
Precision_infected = 0.25516689669723
F1_score_infected = 0.35485192090222806
#####################################################################
