Evaluation: various dropouts
Train graphs:8,Test graphs:8,hidden_nodes:0.5, k_days:15
location of graphs:./graphs, weight_scale= 1.0, dropout= 0.1
No.of_days_used:365
GCN(
  (conv1): GCNConv(5, 32)
  (conv2): GCNConv(32, 32)
  (out): Linear(in_features=32, out_features=5, bias=True)
)
[0m 2s], Epoch: 000, Loss: 1.6045,tot_acc=0.8641616438356164, F1_inf:0.18790319427610744
[1m 37s], Epoch: 100, Loss: 1.1763,tot_acc=0.8125438356164384, F1_inf:0.351869953064046
[3m 12s], Epoch: 200, Loss: 1.1628,tot_acc=0.8235575342465753, F1_inf:0.3423885010831815
[4m 49s], Epoch: 300, Loss: 1.1571,tot_acc=0.8285424657534246, F1_inf:0.33678756476683935
[6m 25s], Epoch: 400, Loss: 1.1541,tot_acc=0.8312356164383562, F1_inf:0.33753166154569275
[8m 1s], Epoch: 500, Loss: 1.1512,tot_acc=0.8359904109589041, F1_inf:0.34282264096533205
[9m 37s], Epoch: 600, Loss: 1.1494,tot_acc=0.8381780821917808, F1_inf:0.34608918128654964
Test_set:0, Test Accuracy: 0.8323,
 confusion_matrix:[[229913  23169    249    273      0]
 [  1079  12154   1878     14      0]
 [   608  16325  15951   3774      0]
 [   202  10613  44265 349560     33]
 [     0    362   2093  17485      0]]
Accuracy_infected = 0.43513012166512083
Precision_infected = 0.24754795455956297
F1_score_infected = 0.3155676894771203
Test_set:1, Test Accuracy: 0.7823,
 confusion_matrix:[[ 53400  29890   1606    257      0]
 [   979  15188   3827     37      0]
 [   751  20147  23328   6755      0]
 [   202  12080  59656 479129      0]
 [     0    534   2420  19814      0]]
Accuracy_infected = 0.45758223651948765
Precision_infected = 0.25681165163975034
F1_score_infected = 0.3289850371603041
Test_set:2, Test Accuracy: 0.7872,
 confusion_matrix:[[ 57544  28830   1006      1      0]
 [  1219  14741   4040    116      0]
 [   834  18497  25039   6864      0]
 [   249  11049  61555 477357      0]
 [    11    298   2199  18551      0]]
Accuracy_infected = 0.4887184291681305
Precision_infected = 0.2668293566640736
F1_score_infected = 0.34519173105953554
Test_set:3, Test Accuracy: 0.7869,
 confusion_matrix:[[ 55459  26879   1870    271      0]
 [  1215  14262   3867     68      0]
 [   757  18391  26250   5566      0]
 [   181  10283  61183 478482      0]
 [    12    632   2976  21396      0]]
Accuracy_infected = 0.5150694607958559
Precision_infected = 0.2730222786179352
F1_score_infected = 0.35687580721908774
#####################################################################
Train graphs:8,Test graphs:8,hidden_nodes:0.5, k_days:15
location of graphs:./graphs, weight_scale= 1.0, dropout= 0.2
No.of_days_used:365
GCN(
  (conv1): GCNConv(5, 32)
  (conv2): GCNConv(32, 32)
  (out): Linear(in_features=32, out_features=5, bias=True)
)
[0m 2s], Epoch: 000, Loss: 1.6045,tot_acc=0.8567082191780822, F1_inf:0.14078118437631248
[1m 37s], Epoch: 100, Loss: 1.1997,tot_acc=0.8001123287671232, F1_inf:0.35707047765470495
[3m 13s], Epoch: 200, Loss: 1.1865,tot_acc=0.8135671232876712, F1_inf:0.35220351128627736
[4m 49s], Epoch: 300, Loss: 1.1789,tot_acc=0.8142479452054795, F1_inf:0.3401932606118498
[6m 25s], Epoch: 400, Loss: 1.1763,tot_acc=0.8121287671232876, F1_inf:0.3354461322057449
[8m 2s], Epoch: 500, Loss: 1.1740,tot_acc=0.8127575342465754, F1_inf:0.33363881588048144
[9m 37s], Epoch: 600, Loss: 1.1718,tot_acc=0.815472602739726, F1_inf:0.3377688230914108
Test_set:0, Test Accuracy: 0.8326,
 confusion_matrix:[[231772  21656    425    260      0]
 [  1277  11172   2792     11      8]
 [   657  14544  18458   3630      8]
 [   208   9676  49664 346170    748]
 [     0    359   2001  14278    226]]
Accuracy_infected = 0.49489235059120035
Precision_infected = 0.2516771202617944
F1_score_infected = 0.3336677603333424
Test_set:1, Test Accuracy: 0.7800,
 confusion_matrix:[[ 56011  26955   1850    261      0]
 [  1351  14459   4446     15      0]
 [  1006  18286  25739   4621     14]
 [   218  10591  69276 473225    904]
 [    18    490   2642  17622      0]]
Accuracy_infected = 0.5182418555953772
Precision_infected = 0.24760228180042904
F1_score_infected = 0.3351017777748846
Test_set:2, Test Accuracy: 0.7749,
 confusion_matrix:[[ 57301  29431   1205    490      0]
 [  1077  13958   4011     43      0]
 [   735  19292  25163   6444      5]
 [   245  10763  68509 469002   3303]
 [     5    351   2200  16249    218]]
Accuracy_infected = 0.487286740641763
Precision_infected = 0.24892173156062045
F1_score_infected = 0.3295160646120201
Test_set:3, Test Accuracy: 0.7850,
 confusion_matrix:[[ 57486  25150   1947    502     16]
 [  1273  13262   5010     13      5]
 [   769  16502  29150   4797     29]
 [   130   8761  67334 472722   1882]
 [     0    423   2935  19480    422]]
Accuracy_infected = 0.5688137842215154
Precision_infected = 0.27402797623524106
F1_score_infected = 0.36986987939577354
#####################################################################
Train graphs:8,Test graphs:8,hidden_nodes:0.5, k_days:15
location of graphs:./graphs, weight_scale= 1.0, dropout= 0.3
No.of_days_used:365
GCN(
  (conv1): GCNConv(5, 32)
  (conv2): GCNConv(32, 32)
  (out): Linear(in_features=32, out_features=5, bias=True)
)
[0m 2s], Epoch: 000, Loss: 1.6047,tot_acc=0.8701205479452054, F1_inf:0.17442512619181155
[1m 36s], Epoch: 100, Loss: 1.1832,tot_acc=0.8248438356164384, F1_inf:0.3687698069720542
[3m 12s], Epoch: 200, Loss: 1.1733,tot_acc=0.8290945205479452, F1_inf:0.3674780426599749
[4m 48s], Epoch: 300, Loss: 1.1653,tot_acc=0.8272383561643836, F1_inf:0.3563488387480977
[6m 24s], Epoch: 400, Loss: 1.1590,tot_acc=0.8251739726027397, F1_inf:0.3473386560212907
[8m 0s], Epoch: 500, Loss: 1.1564,tot_acc=0.8295821917808219, F1_inf:0.3552706239043352
[9m 36s], Epoch: 600, Loss: 1.1544,tot_acc=0.8321164383561643, F1_inf:0.35465055176037835
Test_set:0, Test Accuracy: 0.8283,
 confusion_matrix:[[230229  23668    678    270      0]
 [   959  10325   3903      2      0]
 [   557  12020  20311   3906      0]
 [   153   6536  53109 343805     46]
 [     3    254   2546  16720      0]]
Accuracy_infected = 0.5520193509811382
Precision_infected = 0.2521633332091822
F1_score_infected = 0.34618760705976603
Test_set:1, Test Accuracy: 0.7779,
 confusion_matrix:[[ 57069  24759   3631    257      0]
 [  1297  12134   6595      0      0]
 [   751  13992  29138   5053     15]
 [   237   7872  75692 469542    259]
 [     8    281   2859  18559      0]]
Accuracy_infected = 0.5952726306972563
Precision_infected = 0.24711020650468557
F1_score_infected = 0.34924249688368963
Test_set:2, Test Accuracy: 0.7799,
 confusion_matrix:[[ 59291  24396   3814    492      0]
 [  1376  11041   7207     57      0]
 [   794  12510  30514   6007      0]
 [   298   7070  75866 468279     70]
 [    13    216   2622  17844    223]]
Accuracy_infected = 0.6124234821876569
Precision_infected = 0.25423460503403517
F1_score_infected = 0.35930950025905517
Test_set:3, Test Accuracy: 0.7857,
 confusion_matrix:[[ 56285  26303   2468    248      0]
 [  1133  11445   6930     36      0]
 [   895  12691  31777   4889      0]
 [   216   6492  74968 474018    293]
 [    40    310   2736  15827      0]]
Accuracy_infected = 0.6323529411764706
Precision_infected = 0.2673054113846853
F1_score_infected = 0.3757678958913505
#####################################################################
Train graphs:8,Test graphs:8,hidden_nodes:0.5, k_days:15
location of graphs:./graphs, weight_scale= 1.0, dropout= 0.4
No.of_days_used:365
GCN(
  (conv1): GCNConv(5, 32)
  (conv2): GCNConv(32, 32)
  (out): Linear(in_features=32, out_features=5, bias=True)
)
[0m 2s], Epoch: 000, Loss: 1.6047,tot_acc=0.8684479452054794, F1_inf:0.25471592454520725
[1m 36s], Epoch: 100, Loss: 1.1906,tot_acc=0.8197452054794521, F1_inf:0.35469996531390907
[3m 12s], Epoch: 200, Loss: 1.1823,tot_acc=0.8194397260273972, F1_inf:0.35602551925291465
[4m 48s], Epoch: 300, Loss: 1.1773,tot_acc=0.8214383561643835, F1_inf:0.3539457633480341
[6m 24s], Epoch: 400, Loss: 1.1724,tot_acc=0.8175383561643835, F1_inf:0.34369843888818374
[8m 0s], Epoch: 500, Loss: 1.1696,tot_acc=0.8163082191780822, F1_inf:0.34095179243943785
[9m 36s], Epoch: 600, Loss: 1.1672,tot_acc=0.817172602739726, F1_inf:0.3407948217439434
Test_set:0, Test Accuracy: 0.8280,
 confusion_matrix:[[229532  23990    736    268      0]
 [   959  11373   3244     15      0]
 [   517  14294  18101   4595      8]
 [   192   9433  45208 345463    328]
 [     1    508   2345  18890      0]]
Accuracy_infected = 0.4825003332000533
Precision_infected = 0.2599448545250883
F1_score_infected = 0.3378659623514918
Test_set:1, Test Accuracy: 0.7765,
 confusion_matrix:[[ 54493  29597    915      0      0]
 [  1088  14713   4307     23      0]
 [   781  17861  26130   6320     23]
 [   177  10315  69614 471509    204]
 [     8    335   2834  18753      0]]
Accuracy_infected = 0.5112002347647462
Precision_infected = 0.2517341040462428
F1_score_infected = 0.337346286673337
Test_set:2, Test Accuracy: 0.7773,
 confusion_matrix:[[ 57791  27373   2554    482      0]
 [  1306  12302   6804     52      0]
 [   862  14236  29399   5511      0]
 [   205   7412  74440 467947    637]
 [     0    228   2601  17858      0]]
Accuracy_infected = 0.58788593824988
Precision_infected = 0.25388175961588283
F1_score_infected = 0.35461925382676135
Test_set:3, Test Accuracy: 0.7798,
 confusion_matrix:[[ 55511  27832   1446    269      5]
 [  1132  13081   5388     79     21]
 [   763  15452  28603   5235    189]
 [   242   8215  69836 471838   5388]
 [     1    219   2377  16623    255]]
Accuracy_infected = 0.569304565901039
Precision_infected = 0.265703669298653
F1_score_infected = 0.36231094672307657
#####################################################################
Train graphs:8,Test graphs:8,hidden_nodes:0.5, k_days:15
location of graphs:./graphs, weight_scale= 1.0, dropout= 0.5
No.of_days_used:365
GCN(
  (conv1): GCNConv(5, 32)
  (conv2): GCNConv(32, 32)
  (out): Linear(in_features=32, out_features=5, bias=True)
)
[0m 2s], Epoch: 000, Loss: 1.6046,tot_acc=0.8668082191780822, F1_inf:0.19994046068544635
[1m 36s], Epoch: 100, Loss: 1.2015,tot_acc=0.8212835616438356, F1_inf:0.3521416404091755
[3m 12s], Epoch: 200, Loss: 1.1923,tot_acc=0.8214383561643835, F1_inf:0.3500317917850028
[4m 48s], Epoch: 300, Loss: 1.1856,tot_acc=0.8221712328767123, F1_inf:0.3487938429198665
[6m 24s], Epoch: 400, Loss: 1.1806,tot_acc=0.8194383561643835, F1_inf:0.3408814794816415
[8m 0s], Epoch: 500, Loss: 1.1773,tot_acc=0.8166780821917808, F1_inf:0.33416892275811355
[9m 36s], Epoch: 600, Loss: 1.1751,tot_acc=0.8186835616438356, F1_inf:0.3381810802583962
Test_set:0, Test Accuracy: 0.8221,
 confusion_matrix:[[227650  26743    611      0      0]
 [   747  10851   3858      5      0]
 [   484  12367  20415   3750     93]
 [   140   7277  52106 340934   3204]
 [     0    293   2370  15820    282]]
Accuracy_infected = 0.5501360855857069
Precision_infected = 0.25724546370967744
F1_score_infected = 0.35056538649769464
Test_set:1, Test Accuracy: 0.7678,
 confusion_matrix:[[ 53351  29626   2044    514      0]
 [   965  13665   5073      5      0]
 [   759  16826  27075   4296     37]
 [   175   9855  78182 466401    657]
 [     0    362   2922  17210      0]]
Accuracy_infected = 0.5526299675463842
Precision_infected = 0.2348303497085762
F1_score_infected = 0.3296021036101017
Test_set:2, Test Accuracy: 0.7702,
 confusion_matrix:[[ 56608  27732   3446      0      0]
 [  1177  12339   6789     63      0]
 [   614  14049  30494   4992     65]
 [   183   7728  78193 462825   1976]
 [    15    317   2719  17674      2]]
Accuracy_infected = 0.607280838013303
Precision_infected = 0.25068850140988647
F1_score_infected = 0.3548805679206307
Test_set:3, Test Accuracy: 0.7566,
 confusion_matrix:[[ 54991  27994   1461    499      0]
 [  1084  12775   5779     42     10]
 [   769  14835  29565   4160    513]
 [   215   7565  77996 454320  15572]
 [    37    334   2853  15980    651]]
Accuracy_infected = 0.5931744312026003
Precision_infected = 0.2512876740272324
F1_score_infected = 0.35302335578163063
#####################################################################
Train graphs:8,Test graphs:8,hidden_nodes:0.5, k_days:15
location of graphs:./graphs, weight_scale= 1.0, dropout= 0.6
No.of_days_used:365
GCN(
  (conv1): GCNConv(5, 32)
  (conv2): GCNConv(32, 32)
  (out): Linear(in_features=32, out_features=5, bias=True)
)
[0m 2s], Epoch: 000, Loss: 1.6048,tot_acc=0.8680643835616438, F1_inf:0.14689079774772923
[1m 37s], Epoch: 100, Loss: 1.2127,tot_acc=0.8136712328767123, F1_inf:0.3634464933731323
[3m 13s], Epoch: 200, Loss: 1.2005,tot_acc=0.8222273972602739, F1_inf:0.3620453014132776
[4m 49s], Epoch: 300, Loss: 1.1932,tot_acc=0.8246479452054795, F1_inf:0.36100351393315355
[6m 25s], Epoch: 400, Loss: 1.1895,tot_acc=0.825158904109589, F1_inf:0.35902910893811824
[8m 0s], Epoch: 500, Loss: 1.1859,tot_acc=0.825558904109589, F1_inf:0.3591520224055172
[9m 36s], Epoch: 600, Loss: 1.1835,tot_acc=0.8256808219178082, F1_inf:0.3592814371257485
Test_set:0, Test Accuracy: 0.8261,
 confusion_matrix:[[228522  24779   1107    244      0]
 [   788  10034   4512      0      0]
 [   417  10903  22038   2660     36]
 [   157   5987  57879 342476    950]
 [     2    196   2183  14120     10]]
Accuracy_infected = 0.6112497919786987
Precision_infected = 0.25123405419578426
F1_score_infected = 0.35610351207452356
Test_set:1, Test Accuracy: 0.7708,
 confusion_matrix:[[ 53273  30818   1407    259      0]
 [   916  13795   5514     12      0]
 [   717  15289  29018   5081     18]
 [   168   7628  79198 466570     29]
 [     3    292   2835  17160      0]]
Accuracy_infected = 0.5789358178879955
Precision_infected = 0.24597362085918692
F1_score_infected = 0.3452571462565811
Test_set:2, Test Accuracy: 0.7607,
 confusion_matrix:[[ 57038  27323   2524    230      0]
 [  1212  12120   6371     16      0]
 [   896  14047  31521   3884      0]
 [   215   7201  84724 454640      0]
 [    19    267   3782  21970      0]]
Accuracy_infected = 0.6260626042742512
Precision_infected = 0.2444966724065714
F1_score_infected = 0.3516595080046857
Test_set:3, Test Accuracy: 0.7685,
 confusion_matrix:[[ 54665  28924   1294    502      0]
 [   940  13106   4370     29      0]
 [   708  16317  29993   3629      0]
 [   164   7972  80764 463268      0]
 [     7    459   3499  19390      0]]
Accuracy_infected = 0.5921969711927656
Precision_infected = 0.2501084056037358
F1_score_infected = 0.351685847790018
#####################################################################
